<?xml version="1.0" encoding="utf-8"?><testsuites name="pytest tests"><testsuite name="pytest" errors="0" failures="0" skipped="0" tests="7" time="0.748" timestamp="2026-06-19T18:53:06.227402+00:00" hostname="agent-env-56ce75b2-3610-465b-afd4-00bdde62be72"><testcase classname="backend.tests.backend_test.TestHealth" name="test_api_root" time="0.204" /><testcase classname="backend.tests.backend_test.TestStatus" name="test_status_list_ok" time="0.055" /><testcase classname="backend.tests.backend_test.TestContact" name="test_contact_create_success" time="0.046" /><testcase classname="backend.tests.backend_test.TestContact" name="test_contact_missing_fields_returns_422" time="0.047" /><testcase classname="backend.tests.backend_test.TestContact" name="test_contact_empty_fields_returns_422" time="0.046" /><testcase classname="backend.tests.backend_test.TestContact" name="test_contact_email_too_short" time="0.044" /><testcase classname="backend.tests.backend_test.TestContact" name="test_contact_unique_ids" time="0.136" /></testsuite></testsuites>